<?xml version="1.0" encoding="UTF-8"?>
<!-- Generated by org.testng.reporters.JUnitXMLReporter -->
<testsuite hostname="CYBERSPACE" ignored="0" name="Test" tests="1" failures="1" timestamp="2020-10-20T18:50:55 IST" time="8.707" errors="0">
  <testcase name="checkforgotpasswordlink" time="0.066" classname="Testcases.checkwithforgotpasswordlink">
    <failure type="java.lang.AssertionError" message="expected [Forgot password] but found [Forgot Password]">
      <![CDATA[java.lang.AssertionError: expected [Forgot password] but found [Forgot Password]
at Testcases.checkwithforgotpasswordlink.checkforgotpasswordlink(checkwithforgotpasswordlink.java:22)
at java.util.ArrayList.forEach(ArrayList.java:1259)
... Removed 33 stack frames]]>
    </failure>
  </testcase> <!-- checkforgotpasswordlink -->
</testsuite> <!-- Test -->
