<?xml version="1.0" encoding="UTF-8"?>
<testng-results skipped="0" failed="1" ignored="0" total="1" passed="0">
  <reporter-output>
  </reporter-output>
  <suite name="Suite" duration-ms="8707" started-at="2020-10-20T18:50:47 IST" finished-at="2020-10-20T18:50:55 IST">
    <groups>
    </groups>
    <test name="Test" duration-ms="8707" started-at="2020-10-20T18:50:47 IST" finished-at="2020-10-20T18:50:55 IST">
      <class name="Testcases.checkwithforgotpasswordlink">
        <test-method status="PASS" signature="Startbrowser()[pri:0, instance:Testcases.checkwithforgotpasswordlink@50b494a6]" name="Startbrowser" is-config="true" duration-ms="8009" started-at="2020-10-20T18:50:47 IST" finished-at="2020-10-20T18:50:55 IST">
          <reporter-output>
          </reporter-output>
        </test-method> <!-- Startbrowser -->
        <test-method status="FAIL" signature="checkforgotpasswordlink()[pri:0, instance:Testcases.checkwithforgotpasswordlink@50b494a6]" name="checkforgotpasswordlink" duration-ms="66" started-at="2020-10-20T18:50:55 IST" finished-at="2020-10-20T18:50:55 IST">
          <exception class="java.lang.AssertionError">
            <message>
              <![CDATA[expected [Forgot password] but found [Forgot Password]]]>
            </message>
            <full-stacktrace>
              <![CDATA[java.lang.AssertionError: expected [Forgot password] but found [Forgot Password]
at org.testng.Assert.fail(Assert.java:99)
at org.testng.Assert.failNotEquals(Assert.java:1037)
at org.testng.Assert.assertEqualsImpl(Assert.java:140)
at org.testng.Assert.assertEquals(Assert.java:122)
at org.testng.Assert.assertEquals(Assert.java:629)
at org.testng.Assert.assertEquals(Assert.java:639)
at Testcases.checkwithforgotpasswordlink.checkforgotpasswordlink(checkwithforgotpasswordlink.java:22)
at sun.reflect.NativeMethodAccessorImpl.invoke0(Native Method)
at sun.reflect.NativeMethodAccessorImpl.invoke(NativeMethodAccessorImpl.java:62)
at sun.reflect.DelegatingMethodAccessorImpl.invoke(DelegatingMethodAccessorImpl.java:43)
at java.lang.reflect.Method.invoke(Method.java:498)
at org.testng.internal.MethodInvocationHelper.invokeMethod(MethodInvocationHelper.java:132)
at org.testng.internal.TestInvoker.invokeMethod(TestInvoker.java:599)
at org.testng.internal.TestInvoker.invokeTestMethod(TestInvoker.java:174)
at org.testng.internal.MethodRunner.runInSequence(MethodRunner.java:46)
at org.testng.internal.TestInvoker$MethodInvocationAgent.invoke(TestInvoker.java:822)
at org.testng.internal.TestInvoker.invokeTestMethods(TestInvoker.java:147)
at org.testng.internal.TestMethodWorker.invokeTestMethods(TestMethodWorker.java:146)
at org.testng.internal.TestMethodWorker.run(TestMethodWorker.java:128)
at java.util.ArrayList.forEach(ArrayList.java:1259)
at org.testng.TestRunner.privateRun(TestRunner.java:764)
at org.testng.TestRunner.run(TestRunner.java:585)
at org.testng.SuiteRunner.runTest(SuiteRunner.java:384)
at org.testng.SuiteRunner.runSequentially(SuiteRunner.java:378)
at org.testng.SuiteRunner.privateRun(SuiteRunner.java:337)
at org.testng.SuiteRunner.run(SuiteRunner.java:286)
at org.testng.SuiteRunnerWorker.runSuite(SuiteRunnerWorker.java:53)
at org.testng.SuiteRunnerWorker.run(SuiteRunnerWorker.java:96)
at org.testng.TestNG.runSuitesSequentially(TestNG.java:1218)
at org.testng.TestNG.runSuitesLocally(TestNG.java:1140)
at org.testng.TestNG.runSuites(TestNG.java:1069)
at org.testng.TestNG.run(TestNG.java:1037)
at org.testng.remote.AbstractRemoteTestNG.run(AbstractRemoteTestNG.java:115)
at org.testng.remote.RemoteTestNG.initAndRun(RemoteTestNG.java:251)
at org.testng.remote.RemoteTestNG.main(RemoteTestNG.java:77)
]]>
            </full-stacktrace>
          </exception> <!-- java.lang.AssertionError -->
          <reporter-output>
          </reporter-output>
        </test-method> <!-- checkforgotpasswordlink -->
        <test-method status="PASS" signature="close()[pri:0, instance:Testcases.checkwithforgotpasswordlink@50b494a6]" name="close" is-config="true" duration-ms="594" started-at="2020-10-20T18:50:55 IST" finished-at="2020-10-20T18:50:55 IST">
          <reporter-output>
          </reporter-output>
        </test-method> <!-- close -->
      </class> <!-- Testcases.checkwithforgotpasswordlink -->
    </test> <!-- Test -->
  </suite> <!-- Suite -->
</testng-results>
